<?xml version="1.0" encoding="UTF-8"?>
<testng-results skipped="0" failed="0" ignored="0" total="2" passed="2">
  <reporter-output>
  </reporter-output>
  <suite name="Page Object Model with Page Factories" duration-ms="30694" started-at="2020-06-17T11:45:06 MESZ" finished-at="2020-06-17T11:45:37 MESZ">
    <groups>
    </groups>
    <test name="Sign in Test" duration-ms="14363" started-at="2020-06-17T11:45:06 MESZ" finished-at="2020-06-17T11:45:20 MESZ">
      <class name="com.w2a.testcases.signInTest">
        <test-method status="PASS" signature="setUp()[pri:0, instance:com.w2a.testcases.signInTest@4686afc2]" name="setUp" is-config="true" duration-ms="8888" started-at="2020-06-17T11:45:06 MESZ" finished-at="2020-06-17T11:45:15 MESZ">
          <reporter-output>
          </reporter-output>
        </test-method> <!-- setUp -->
        <test-method status="PASS" signature="signInTest()[pri:0, instance:com.w2a.testcases.signInTest@4686afc2]" name="signInTest" duration-ms="3429" started-at="2020-06-17T11:45:15 MESZ" finished-at="2020-06-17T11:45:18 MESZ">
          <reporter-output>
          </reporter-output>
        </test-method> <!-- signInTest -->
        <test-method status="PASS" signature="tearDown()[pri:0, instance:com.w2a.testcases.signInTest@4686afc2]" name="tearDown" is-config="true" duration-ms="1709" started-at="2020-06-17T11:45:19 MESZ" finished-at="2020-06-17T11:45:20 MESZ">
          <reporter-output>
          </reporter-output>
        </test-method> <!-- tearDown -->
      </class> <!-- com.w2a.testcases.signInTest -->
    </test> <!-- Sign in Test -->
    <test name="Flight Search Test" duration-ms="16284" started-at="2020-06-17T11:45:20 MESZ" finished-at="2020-06-17T11:45:37 MESZ">
      <class name="com.w2a.testcases.FlightSearchTest">
        <test-method status="PASS" signature="setUp()[pri:0, instance:com.w2a.testcases.FlightSearchTest@46cdf8bd]" name="setUp" is-config="true" duration-ms="8613" started-at="2020-06-17T11:45:20 MESZ" finished-at="2020-06-17T11:45:29 MESZ">
          <reporter-output>
          </reporter-output>
        </test-method> <!-- setUp -->
        <test-method status="PASS" signature="FlightSearchTest()[pri:0, instance:com.w2a.testcases.FlightSearchTest@46cdf8bd]" name="FlightSearchTest" duration-ms="6603" started-at="2020-06-17T11:45:29 MESZ" finished-at="2020-06-17T11:45:36 MESZ">
          <reporter-output>
          </reporter-output>
        </test-method> <!-- FlightSearchTest -->
        <test-method status="PASS" signature="tearDown()[pri:0, instance:com.w2a.testcases.FlightSearchTest@46cdf8bd]" name="tearDown" is-config="true" duration-ms="1043" started-at="2020-06-17T11:45:36 MESZ" finished-at="2020-06-17T11:45:37 MESZ">
          <reporter-output>
          </reporter-output>
        </test-method> <!-- tearDown -->
      </class> <!-- com.w2a.testcases.FlightSearchTest -->
    </test> <!-- Flight Search Test -->
  </suite> <!-- Page Object Model with Page Factories -->
</testng-results>
